Connecting to database specified by database.yml


Started GET "/" for 127.0.0.1 at 2013-01-23 01:04:21 +0800
Connecting to database specified by database.yml

ActionController::RoutingError (No route matches [GET] "/"):
  actionpack (3.2.9) lib/action_dispatch/middleware/debug_exceptions.rb:21:in `call'
  actionpack (3.2.9) lib/action_dispatch/middleware/show_exceptions.rb:56:in `call'
  railties (3.2.9) lib/rails/rack/logger.rb:32:in `call_app'
  railties (3.2.9) lib/rails/rack/logger.rb:16:in `block in call'
  activesupport (3.2.9) lib/active_support/tagged_logging.rb:22:in `tagged'
  railties (3.2.9) lib/rails/rack/logger.rb:16:in `call'
  actionpack (3.2.9) lib/action_dispatch/middleware/request_id.rb:22:in `call'
  rack (1.4.4) lib/rack/methodoverride.rb:21:in `call'
  rack (1.4.4) lib/rack/runtime.rb:17:in `call'
  activesupport (3.2.9) lib/active_support/cache/strategy/local_cache.rb:72:in `call'
  rack (1.4.4) lib/rack/lock.rb:15:in `call'
  actionpack (3.2.9) lib/action_dispatch/middleware/static.rb:62:in `call'
  railties (3.2.9) lib/rails/engine.rb:479:in `call'
  railties (3.2.9) lib/rails/application.rb:223:in `call'
  rack (1.4.4) lib/rack/content_length.rb:14:in `call'
  railties (3.2.9) lib/rails/rack/log_tailer.rb:17:in `call'
  rack (1.4.4) lib/rack/handler/webrick.rb:59:in `service'
  /Users/wanlikkwong/.rvm/rubies/ruby-1.9.3-p327/lib/ruby/1.9.1/webrick/httpserver.rb:138:in `service'
  /Users/wanlikkwong/.rvm/rubies/ruby-1.9.3-p327/lib/ruby/1.9.1/webrick/httpserver.rb:94:in `run'
  /Users/wanlikkwong/.rvm/rubies/ruby-1.9.3-p327/lib/ruby/1.9.1/webrick/server.rb:191:in `block in start_thread'


  Rendered /Users/wanlikkwong/.rvm/gems/ruby-1.9.3-p327/gems/actionpack-3.2.9/lib/action_dispatch/middleware/templates/rescues/routing_error.erb within rescues/layout (3.2ms)


Started GET "/" for 127.0.0.1 at 2013-01-23 01:05:34 +0800
Connecting to database specified by database.yml

ActionController::RoutingError (uninitialized constant WordController):
  activesupport (3.2.9) lib/active_support/inflector/methods.rb:230:in `block in constantize'
  activesupport (3.2.9) lib/active_support/inflector/methods.rb:229:in `each'
  activesupport (3.2.9) lib/active_support/inflector/methods.rb:229:in `constantize'
  actionpack (3.2.9) lib/action_dispatch/routing/route_set.rb:69:in `controller_reference'
  actionpack (3.2.9) lib/action_dispatch/routing/route_set.rb:54:in `controller'
  actionpack (3.2.9) lib/action_dispatch/routing/route_set.rb:32:in `call'
  journey (1.0.4) lib/journey/router.rb:68:in `block in call'
  journey (1.0.4) lib/journey/router.rb:56:in `each'
  journey (1.0.4) lib/journey/router.rb:56:in `call'
  actionpack (3.2.9) lib/action_dispatch/routing/route_set.rb:601:in `call'
  actionpack (3.2.9) lib/action_dispatch/middleware/best_standards_support.rb:17:in `call'
  rack (1.4.4) lib/rack/etag.rb:23:in `call'
  rack (1.4.4) lib/rack/conditionalget.rb:25:in `call'
  actionpack (3.2.9) lib/action_dispatch/middleware/head.rb:14:in `call'
  actionpack (3.2.9) lib/action_dispatch/middleware/params_parser.rb:21:in `call'
  actionpack (3.2.9) lib/action_dispatch/middleware/flash.rb:242:in `call'
  rack (1.4.4) lib/rack/session/abstract/id.rb:210:in `context'
  rack (1.4.4) lib/rack/session/abstract/id.rb:205:in `call'
  actionpack (3.2.9) lib/action_dispatch/middleware/cookies.rb:341:in `call'
  activerecord (3.2.9) lib/active_record/query_cache.rb:64:in `call'
  activerecord (3.2.9) lib/active_record/connection_adapters/abstract/connection_pool.rb:479:in `call'
  actionpack (3.2.9) lib/action_dispatch/middleware/callbacks.rb:28:in `block in call'
  activesupport (3.2.9) lib/active_support/callbacks.rb:405:in `_run__4520951215382418933__call__2821468366456199884__callbacks'
  activesupport (3.2.9) lib/active_support/callbacks.rb:405:in `__run_callback'
  activesupport (3.2.9) lib/active_support/callbacks.rb:385:in `_run_call_callbacks'
  activesupport (3.2.9) lib/active_support/callbacks.rb:81:in `run_callbacks'
  actionpack (3.2.9) lib/action_dispatch/middleware/callbacks.rb:27:in `call'
  actionpack (3.2.9) lib/action_dispatch/middleware/reloader.rb:65:in `call'
  actionpack (3.2.9) lib/action_dispatch/middleware/remote_ip.rb:31:in `call'
  actionpack (3.2.9) lib/action_dispatch/middleware/debug_exceptions.rb:16:in `call'
  actionpack (3.2.9) lib/action_dispatch/middleware/show_exceptions.rb:56:in `call'
  railties (3.2.9) lib/rails/rack/logger.rb:32:in `call_app'
  railties (3.2.9) lib/rails/rack/logger.rb:16:in `block in call'
  activesupport (3.2.9) lib/active_support/tagged_logging.rb:22:in `tagged'
  railties (3.2.9) lib/rails/rack/logger.rb:16:in `call'
  actionpack (3.2.9) lib/action_dispatch/middleware/request_id.rb:22:in `call'
  rack (1.4.4) lib/rack/methodoverride.rb:21:in `call'
  rack (1.4.4) lib/rack/runtime.rb:17:in `call'
  activesupport (3.2.9) lib/active_support/cache/strategy/local_cache.rb:72:in `call'
  rack (1.4.4) lib/rack/lock.rb:15:in `call'
  actionpack (3.2.9) lib/action_dispatch/middleware/static.rb:62:in `call'
  railties (3.2.9) lib/rails/engine.rb:479:in `call'
  railties (3.2.9) lib/rails/application.rb:223:in `call'
  rack (1.4.4) lib/rack/content_length.rb:14:in `call'
  railties (3.2.9) lib/rails/rack/log_tailer.rb:17:in `call'
  rack (1.4.4) lib/rack/handler/webrick.rb:59:in `service'
  /Users/wanlikkwong/.rvm/rubies/ruby-1.9.3-p327/lib/ruby/1.9.1/webrick/httpserver.rb:138:in `service'
  /Users/wanlikkwong/.rvm/rubies/ruby-1.9.3-p327/lib/ruby/1.9.1/webrick/httpserver.rb:94:in `run'
  /Users/wanlikkwong/.rvm/rubies/ruby-1.9.3-p327/lib/ruby/1.9.1/webrick/server.rb:191:in `block in start_thread'


  Rendered /Users/wanlikkwong/.rvm/gems/ruby-1.9.3-p327/gems/actionpack-3.2.9/lib/action_dispatch/middleware/templates/rescues/routing_error.erb within rescues/layout (2.7ms)


Started GET "/" for 127.0.0.1 at 2013-01-23 01:05:42 +0800
Processing by WordsController#index as HTML
Completed 500 Internal Server Error in 45ms

ActiveRecord::StatementInvalid (Could not find table 'words'):
  app/controllers/words_controller.rb:5:in `index'


  Rendered /Users/wanlikkwong/.rvm/gems/ruby-1.9.3-p327/gems/actionpack-3.2.9/lib/action_dispatch/middleware/templates/rescues/_trace.erb (1.4ms)
  Rendered /Users/wanlikkwong/.rvm/gems/ruby-1.9.3-p327/gems/actionpack-3.2.9/lib/action_dispatch/middleware/templates/rescues/_request_and_response.erb (1.0ms)
  Rendered /Users/wanlikkwong/.rvm/gems/ruby-1.9.3-p327/gems/actionpack-3.2.9/lib/action_dispatch/middleware/templates/rescues/diagnostics.erb within rescues/layout (13.0ms)
Connecting to database specified by database.yml
  [1m[36m (0.2ms)[0m  [1mselect sqlite_version(*)[0m
  [1m[35m (2.7ms)[0m  CREATE TABLE "schema_migrations" ("version" varchar(255) NOT NULL) 
  [1m[36m (35.8ms)[0m  [1mCREATE UNIQUE INDEX "unique_schema_migrations" ON "schema_migrations" ("version")[0m
  [1m[35m (2.8ms)[0m  SELECT "schema_migrations"."version" FROM "schema_migrations" 
Migrating to CreateWords (20130122170335)
  [1m[36m (0.1ms)[0m  [1mbegin transaction[0m
  [1m[35m (0.6ms)[0m  CREATE TABLE "words" ("id" INTEGER PRIMARY KEY AUTOINCREMENT NOT NULL, "word" varchar(255), "meaning" text, "created_at" datetime NOT NULL, "updated_at" datetime NOT NULL) 
  [1m[36m (0.2ms)[0m  [1mINSERT INTO "schema_migrations" ("version") VALUES ('20130122170335')[0m
  [1m[35m (2.5ms)[0m  commit transaction
  [1m[36m (0.2ms)[0m  [1mSELECT "schema_migrations"."version" FROM "schema_migrations" [0m


Started GET "/" for 127.0.0.1 at 2013-01-23 01:06:13 +0800
Connecting to database specified by database.yml
Processing by WordsController#index as HTML
  [1m[36mWord Load (0.1ms)[0m  [1mSELECT "words".* FROM "words" [0m
  Rendered words/index.html.erb within layouts/application (3.5ms)
Compiled scaffolds.css  (23ms)  (pid 1904)
Compiled words.css  (1ms)  (pid 1904)
Compiled application.css  (70ms)  (pid 1904)
Compiled jquery.js  (2ms)  (pid 1904)
Compiled jquery_ujs.js  (0ms)  (pid 1904)
Compiled words.js  (900ms)  (pid 1904)
Compiled application.js  (975ms)  (pid 1904)
Completed 200 OK in 1200ms (Views: 1149.6ms | ActiveRecord: 2.5ms)


Started GET "/assets/application.css?body=1" for 127.0.0.1 at 2013-01-23 01:06:14 +0800
Served asset /application.css - 200 OK (16ms)


Started GET "/assets/scaffolds.css?body=1" for 127.0.0.1 at 2013-01-23 01:06:14 +0800
Served asset /scaffolds.css - 200 OK (1ms)


Started GET "/assets/jquery_ujs.js?body=1" for 127.0.0.1 at 2013-01-23 01:06:14 +0800
Served asset /jquery_ujs.js - 200 OK (2ms)


Started GET "/assets/jquery.js?body=1" for 127.0.0.1 at 2013-01-23 01:06:14 +0800
Served asset /jquery.js - 200 OK (3ms)


Started GET "/assets/words.css?body=1" for 127.0.0.1 at 2013-01-23 01:06:14 +0800
Served asset /words.css - 200 OK (1ms)


Started GET "/assets/words.js?body=1" for 127.0.0.1 at 2013-01-23 01:06:14 +0800
Served asset /words.js - 200 OK (2ms)


Started GET "/assets/application.js?body=1" for 127.0.0.1 at 2013-01-23 01:06:14 +0800
Served asset /application.js - 200 OK (62ms)
Connecting to database specified by database.yml
Connecting to database specified by database.yml
Connecting to database specified by database.yml
  [1m[36m (1.7ms)[0m  [1mSELECT "schema_migrations"."version" FROM "schema_migrations" [0m
Migrating to CreateWords (20130122170335)
Migrating to CreateTags (20130122170716)
  [1m[35m (0.0ms)[0m  select sqlite_version(*)
  [1m[36m (0.0ms)[0m  [1mbegin transaction[0m
  [1m[35m (0.6ms)[0m  CREATE TABLE "tags" ("id" INTEGER PRIMARY KEY AUTOINCREMENT NOT NULL, "name" varchar(255), "slug" varchar(255), "created_at" datetime NOT NULL, "updated_at" datetime NOT NULL) 
  [1m[36m (0.2ms)[0m  [1mINSERT INTO "schema_migrations" ("version") VALUES ('20130122170716')[0m
  [1m[35m (3.2ms)[0m  commit transaction
Migrating to CreateTaggings (20130122170741)
  [1m[36m (0.1ms)[0m  [1mbegin transaction[0m
  [1m[35m (0.5ms)[0m  CREATE TABLE "taggings" ("id" INTEGER PRIMARY KEY AUTOINCREMENT NOT NULL, "tag_id" integer, "word_id" integer, "created_at" datetime NOT NULL, "updated_at" datetime NOT NULL) 
  [1m[36m (0.2ms)[0m  [1mINSERT INTO "schema_migrations" ("version") VALUES ('20130122170741')[0m
  [1m[35m (1.7ms)[0m  commit transaction
  [1m[36m (0.1ms)[0m  [1mSELECT "schema_migrations"."version" FROM "schema_migrations" [0m
Connecting to database specified by database.yml
Connecting to database specified by database.yml
Connecting to database specified by database.yml


Started GET "/" for 127.0.0.1 at 2013-01-23 01:19:06 +0800
Connecting to database specified by database.yml
Processing by WordsController#index as HTML
  [1m[36mWord Load (0.1ms)[0m  [1mSELECT "words".* FROM "words" [0m
  Rendered words/index.html.erb within layouts/application (5.7ms)
Completed 200 OK in 119ms (Views: 63.6ms | ActiveRecord: 2.5ms)


Started GET "/assets/application.css?body=1" for 127.0.0.1 at 2013-01-23 01:19:07 +0800
Served asset /application.css - 304 Not Modified (7ms)


Started GET "/assets/words.css?body=1" for 127.0.0.1 at 2013-01-23 01:19:07 +0800
Served asset /words.css - 304 Not Modified (1ms)


Started GET "/assets/scaffolds.css?body=1" for 127.0.0.1 at 2013-01-23 01:19:07 +0800
Served asset /scaffolds.css - 304 Not Modified (1ms)


Started GET "/assets/jquery.js?body=1" for 127.0.0.1 at 2013-01-23 01:19:07 +0800
Served asset /jquery.js - 304 Not Modified (3ms)


Started GET "/assets/jquery_ujs.js?body=1" for 127.0.0.1 at 2013-01-23 01:19:07 +0800
Served asset /jquery_ujs.js - 304 Not Modified (2ms)


Started GET "/assets/words.js?body=1" for 127.0.0.1 at 2013-01-23 01:19:07 +0800
Served asset /words.js - 304 Not Modified (1ms)


Started GET "/assets/application.js?body=1" for 127.0.0.1 at 2013-01-23 01:19:07 +0800
Served asset /application.js - 304 Not Modified (6ms)


Started DELETE "/words/2" for 127.0.0.1 at 2013-01-23 01:44:16 +0800
Processing by WordsController#destroy as HTML
  Parameters: {"authenticity_token"=>"znpZlgdBHfT2YS4wdynK77KPbhDiSVIsD3CQ3Y/Cmok=", "id"=>"2"}
  [1m[35mWord Load (0.3ms)[0m  SELECT "words".* FROM "words" WHERE "words"."id" = ? LIMIT 1  [["id", "2"]]
  [1m[36m (0.0ms)[0m  [1mbegin transaction[0m
  [1m[35mSQL (36.6ms)[0m  DELETE FROM "words" WHERE "words"."id" = ?  [["id", 2]]
  [1m[36m (2.9ms)[0m  [1mcommit transaction[0m
Redirected to http://localhost:3000/words
Completed 302 Found in 45ms (ActiveRecord: 39.9ms)


Started GET "/words" for 127.0.0.1 at 2013-01-23 01:44:16 +0800
Processing by WordsController#index as HTML
  [1m[35mWord Load (0.2ms)[0m  SELECT "words".* FROM "words" 
  Rendered words/index.html.erb within layouts/application (1.5ms)
Completed 200 OK in 8ms (Views: 7.0ms | ActiveRecord: 0.2ms)


Started GET "/assets/application.css?body=1" for 127.0.0.1 at 2013-01-23 01:44:16 +0800
Served asset /application.css - 304 Not Modified (0ms)


Started GET "/assets/scaffolds.css?body=1" for 127.0.0.1 at 2013-01-23 01:44:16 +0800
Served asset /scaffolds.css - 304 Not Modified (0ms)


Started GET "/assets/jquery.js?body=1" for 127.0.0.1 at 2013-01-23 01:44:16 +0800
Served asset /jquery.js - 304 Not Modified (0ms)


Started GET "/assets/application.js?body=1" for 127.0.0.1 at 2013-01-23 01:44:16 +0800
Served asset /application.js - 304 Not Modified (0ms)


Started GET "/assets/jquery_ujs.js?body=1" for 127.0.0.1 at 2013-01-23 01:44:16 +0800
Served asset /jquery_ujs.js - 304 Not Modified (0ms)


Started GET "/assets/words.js?body=1" for 127.0.0.1 at 2013-01-23 01:44:16 +0800
Served asset /words.js - 304 Not Modified (0ms)


Started GET "/assets/words.css?body=1" for 127.0.0.1 at 2013-01-23 01:44:16 +0800
Served asset /words.css - 304 Not Modified (0ms)


Started DELETE "/words/1" for 127.0.0.1 at 2013-01-23 01:44:19 +0800
Processing by WordsController#destroy as HTML
  Parameters: {"authenticity_token"=>"znpZlgdBHfT2YS4wdynK77KPbhDiSVIsD3CQ3Y/Cmok=", "id"=>"1"}
  [1m[36mWord Load (0.1ms)[0m  [1mSELECT "words".* FROM "words" WHERE "words"."id" = ? LIMIT 1[0m  [["id", "1"]]
  [1m[35m (0.1ms)[0m  begin transaction
  [1m[36mSQL (0.2ms)[0m  [1mDELETE FROM "words" WHERE "words"."id" = ?[0m  [["id", 1]]
  [1m[35m (2.9ms)[0m  commit transaction
Redirected to http://localhost:3000/words
Completed 302 Found in 6ms (ActiveRecord: 3.3ms)


Started GET "/words" for 127.0.0.1 at 2013-01-23 01:44:19 +0800
Processing by WordsController#index as HTML
  [1m[36mWord Load (0.2ms)[0m  [1mSELECT "words".* FROM "words" [0m
  Rendered words/index.html.erb within layouts/application (0.3ms)
Completed 200 OK in 6ms (Views: 4.9ms | ActiveRecord: 0.2ms)


Started GET "/assets/application.css?body=1" for 127.0.0.1 at 2013-01-23 01:44:19 +0800
Served asset /application.css - 304 Not Modified (0ms)


Started GET "/assets/scaffolds.css?body=1" for 127.0.0.1 at 2013-01-23 01:44:19 +0800
Served asset /scaffolds.css - 304 Not Modified (0ms)


Started GET "/assets/words.css?body=1" for 127.0.0.1 at 2013-01-23 01:44:19 +0800
Served asset /words.css - 304 Not Modified (0ms)


Started GET "/assets/jquery.js?body=1" for 127.0.0.1 at 2013-01-23 01:44:19 +0800
Served asset /jquery.js - 304 Not Modified (0ms)


Started GET "/assets/application.js?body=1" for 127.0.0.1 at 2013-01-23 01:44:19 +0800
Served asset /application.js - 304 Not Modified (0ms)


Started GET "/assets/words.js?body=1" for 127.0.0.1 at 2013-01-23 01:44:19 +0800
Served asset /words.js - 304 Not Modified (0ms)


Started GET "/assets/jquery_ujs.js?body=1" for 127.0.0.1 at 2013-01-23 01:44:19 +0800
Served asset /jquery_ujs.js - 304 Not Modified (0ms)
